<?xml version="1.0" encoding="UTF-8"?>
<testsuite name="org.mazahir.MainTest" tests="1" skipped="0" failures="0" errors="0" timestamp="2022-09-29T06:02:25" hostname="ZAVIERCHASE" time="0.018">
  <properties/>
  <testcase name="testGetCurrentLevel()" classname="org.mazahir.MainTest" time="0.018"/>
  <system-out><![CDATA[]]></system-out>
  <system-err><![CDATA[]]></system-err>
</testsuite>
